<?xml version="1.0" encoding="UTF-8"?>
<coverage generated="1649175741023" clover="3.2.0">
  <project timestamp="1649175741023" name="All files">
    <metrics statements="34" coveredstatements="17" conditionals="6" coveredconditionals="3" methods="23" coveredmethods="12" elements="63" coveredelements="32" complexity="0" loc="34" ncloc="34" packages="2" files="8" classes="8"/>
    <package name="components">
      <metrics statements="27" coveredstatements="17" conditionals="6" coveredconditionals="3" methods="18" coveredmethods="12"/>
      <file name="Card.js" path="/Users/jae/WebstormProjects/TDD_practice/robo/src/components/Card.js">
        <metrics statements="2" coveredstatements="2" conditionals="0" coveredconditionals="0" methods="1" coveredmethods="1"/>
        <line num="3" count="3" type="stmt"/>
        <line num="4" count="1" type="stmt"/>
      </file>
      <file name="CardList.js" path="/Users/jae/WebstormProjects/TDD_practice/robo/src/components/CardList.js">
        <metrics statements="3" coveredstatements="3" conditionals="0" coveredconditionals="0" methods="2" coveredmethods="2"/>
        <line num="4" count="2" type="stmt"/>
        <line num="5" count="1" type="stmt"/>
        <line num="9" count="1" type="stmt"/>
      </file>
      <file name="CounterButton.js" path="/Users/jae/WebstormProjects/TDD_practice/robo/src/components/CounterButton.js">
        <metrics statements="7" coveredstatements="6" conditionals="2" coveredconditionals="1" methods="5" coveredmethods="5"/>
        <line num="5" count="2" type="stmt"/>
        <line num="6" count="2" type="stmt"/>
        <line num="10" count="2" type="cond" truecount="1" falsecount="1"/>
        <line num="11" count="2" type="stmt"/>
        <line num="13" count="0" type="stmt"/>
        <line num="17" count="4" type="stmt"/>
        <line num="21" count="2" type="stmt"/>
      </file>
      <file name="ErrorBoundry.js" path="/Users/jae/WebstormProjects/TDD_practice/robo/src/components/ErrorBoundry.js">
        <metrics statements="6" coveredstatements="0" conditionals="2" coveredconditionals="0" methods="3" coveredmethods="0"/>
        <line num="5" count="0" type="stmt"/>
        <line num="6" count="0" type="stmt"/>
        <line num="10" count="0" type="stmt"/>
        <line num="14" count="0" type="cond" truecount="0" falsecount="2"/>
        <line num="15" count="0" type="stmt"/>
        <line num="17" count="0" type="stmt"/>
      </file>
      <file name="Header.js" path="/Users/jae/WebstormProjects/TDD_practice/robo/src/components/Header.js">
        <metrics statements="2" coveredstatements="0" conditionals="0" coveredconditionals="0" methods="2" coveredmethods="0"/>
        <line num="11" count="0" type="stmt"/>
        <line num="14" count="0" type="stmt"/>
      </file>
      <file name="MainPage.js" path="/Users/jae/WebstormProjects/TDD_practice/robo/src/components/MainPage.js">
        <metrics statements="5" coveredstatements="5" conditionals="2" coveredconditionals="2" methods="4" coveredmethods="4"/>
        <line num="11" count="5" type="stmt"/>
        <line num="15" count="6" type="stmt"/>
        <line num="16" count="2" type="stmt"/>
        <line num="21" count="5" type="stmt"/>
        <line num="22" count="5" type="stmt"/>
      </file>
      <file name="SearchBox.js" path="/Users/jae/WebstormProjects/TDD_practice/robo/src/components/SearchBox.js">
        <metrics statements="2" coveredstatements="1" conditionals="0" coveredconditionals="0" methods="1" coveredmethods="0"/>
        <line num="3" count="1" type="stmt"/>
        <line num="4" count="0" type="stmt"/>
      </file>
    </package>
    <package name="containers">
      <metrics statements="7" coveredstatements="0" conditionals="0" coveredconditionals="0" methods="5" coveredmethods="0"/>
      <file name="App.js" path="/Users/jae/WebstormProjects/TDD_practice/robo/src/containers/App.js">
        <metrics statements="7" coveredstatements="0" conditionals="0" coveredconditionals="0" methods="5" coveredmethods="0"/>
        <line num="9" count="0" type="stmt"/>
        <line num="10" count="0" type="stmt"/>
        <line num="17" count="0" type="stmt"/>
        <line num="18" count="0" type="stmt"/>
        <line num="19" count="0" type="stmt"/>
        <line num="20" count="0" type="stmt"/>
        <line num="27" count="0" type="stmt"/>
      </file>
    </package>
  </project>
</coverage>
