<?xml version="1.0" encoding="UTF-8"?>
<coverage generated="1649177344658" clover="3.2.0">
  <project timestamp="1649177344658" name="All files">
    <metrics statements="22" coveredstatements="18" conditionals="10" coveredconditionals="8" methods="6" coveredmethods="3" elements="38" coveredelements="29" complexity="0" loc="22" ncloc="22" packages="1" files="3" classes="3"/>
    <file name="actions.js" path="/Users/jae/WebstormProjects/TDD_practice/robo/src/actions.js">
      <metrics statements="6" coveredstatements="2" conditionals="0" coveredconditionals="0" methods="4" coveredmethods="1"/>
      <line num="9" count="1" type="stmt"/>
      <line num="11" count="1" type="stmt"/>
      <line num="12" count="0" type="stmt"/>
      <line num="13" count="0" type="stmt"/>
      <line num="14" count="0" type="stmt"/>
      <line num="15" count="0" type="stmt"/>
    </file>
    <file name="constants.js" path="/Users/jae/WebstormProjects/TDD_practice/robo/src/constants.js">
      <metrics statements="4" coveredstatements="4" conditionals="0" coveredconditionals="0" methods="0" coveredmethods="0"/>
      <line num="1" count="2" type="stmt"/>
      <line num="3" count="2" type="stmt"/>
      <line num="4" count="2" type="stmt"/>
      <line num="5" count="2" type="stmt"/>
    </file>
    <file name="reducers.js" path="/Users/jae/WebstormProjects/TDD_practice/robo/src/reducers.js">
      <metrics statements="12" coveredstatements="12" conditionals="10" coveredconditionals="8" methods="2" coveredmethods="2"/>
      <line num="8" count="1" type="stmt"/>
      <line num="12" count="1" type="cond" truecount="1" falsecount="1"/>
      <line num="13" count="2" type="cond" truecount="2" falsecount="0"/>
      <line num="15" count="1" type="stmt"/>
      <line num="17" count="1" type="stmt"/>
      <line num="21" count="1" type="stmt"/>
      <line num="26" count="1" type="cond" truecount="1" falsecount="1"/>
      <line num="27" count="4" type="cond" truecount="4" falsecount="0"/>
      <line num="29" count="1" type="stmt"/>
      <line num="31" count="1" type="stmt"/>
      <line num="33" count="1" type="stmt"/>
      <line num="35" count="1" type="stmt"/>
    </file>
  </project>
</coverage>
