{"/Users/jae/WebstormProjects/TDD_practice/robo/src/actions.js": {"path":"/Users/jae/WebstormProjects/TDD_practice/robo/src/actions.js","statementMap":{"0":{"start":{"line":9,"column":30},"end":{"line":9,"column":85}},"1":{"start":{"line":9,"column":41},"end":{"line":9,"column":84}},"2":{"start":{"line":11,"column":29},"end":{"line":16,"column":1}},"3":{"start":{"line":12,"column":2},"end":{"line":12,"column":44}},"4":{"start":{"line":13,"column":2},"end":{"line":15,"column":78}},"5":{"start":{"line":14,"column":18},"end":{"line":14,"column":75}},"6":{"start":{"line":15,"column":20},"end":{"line":15,"column":77}}},"fnMap":{"0":{"name":"(anonymous_0)","decl":{"start":{"line":9,"column":30},"end":{"line":9,"column":31}},"loc":{"start":{"line":9,"column":41},"end":{"line":9,"column":84}},"line":9},"1":{"name":"(anonymous_1)","decl":{"start":{"line":11,"column":29},"end":{"line":11,"column":30}},"loc":{"start":{"line":11,"column":43},"end":{"line":16,"column":1}},"line":11},"2":{"name":"(anonymous_2)","decl":{"start":{"line":14,"column":10},"end":{"line":14,"column":11}},"loc":{"start":{"line":14,"column":18},"end":{"line":14,"column":75}},"line":14},"3":{"name":"(anonymous_3)","decl":{"start":{"line":15,"column":11},"end":{"line":15,"column":12}},"loc":{"start":{"line":15,"column":20},"end":{"line":15,"column":77}},"line":15}},"branchMap":{},"s":{"0":1,"1":1,"2":1,"3":0,"4":0,"5":0,"6":0},"f":{"0":1,"1":0,"2":0,"3":0},"b":{},"_coverageSchema":"1a1c01bbd47fc00a2c39e90264f33305004495a9","hash":"fdfe79b632106ff0d941e21f7a5e472aba7ff065"}
,"/Users/jae/WebstormProjects/TDD_practice/robo/src/constants.js": {"path":"/Users/jae/WebstormProjects/TDD_practice/robo/src/constants.js","statementMap":{"0":{"start":{"line":1,"column":34},"end":{"line":1,"column":54}},"1":{"start":{"line":3,"column":38},"end":{"line":3,"column":62}},"2":{"start":{"line":4,"column":38},"end":{"line":4,"column":62}},"3":{"start":{"line":5,"column":37},"end":{"line":5,"column":60}}},"fnMap":{},"branchMap":{},"s":{"0":2,"1":2,"2":2,"3":2},"f":{},"b":{},"_coverageSchema":"1a1c01bbd47fc00a2c39e90264f33305004495a9","hash":"a504d0988ad30a923564f319f30b3cf0f4f973cd"}
,"/Users/jae/WebstormProjects/TDD_practice/robo/src/reducers.js": {"path":"/Users/jae/WebstormProjects/TDD_practice/robo/src/reducers.js","statementMap":{"0":{"start":{"line":8,"column":27},"end":{"line":10,"column":1}},"1":{"start":{"line":12,"column":28},"end":{"line":19,"column":1}},"2":{"start":{"line":13,"column":2},"end":{"line":18,"column":3}},"3":{"start":{"line":15,"column":6},"end":{"line":15,"column":68}},"4":{"start":{"line":17,"column":6},"end":{"line":17,"column":18}},"5":{"start":{"line":21,"column":27},"end":{"line":24,"column":1}},"6":{"start":{"line":26,"column":29},"end":{"line":37,"column":1}},"7":{"start":{"line":27,"column":2},"end":{"line":36,"column":3}},"8":{"start":{"line":29,"column":6},"end":{"line":29,"column":56}},"9":{"start":{"line":31,"column":6},"end":{"line":31,"column":81}},"10":{"start":{"line":33,"column":6},"end":{"line":33,"column":80}},"11":{"start":{"line":35,"column":6},"end":{"line":35,"column":18}}},"fnMap":{"0":{"name":"(anonymous_0)","decl":{"start":{"line":12,"column":28},"end":{"line":12,"column":29}},"loc":{"start":{"line":12,"column":69},"end":{"line":19,"column":1}},"line":12},"1":{"name":"(anonymous_1)","decl":{"start":{"line":26,"column":29},"end":{"line":26,"column":30}},"loc":{"start":{"line":26,"column":70},"end":{"line":37,"column":1}},"line":26}},"branchMap":{"0":{"loc":{"start":{"line":12,"column":29},"end":{"line":12,"column":53}},"type":"default-arg","locations":[{"start":{"line":12,"column":35},"end":{"line":12,"column":53}}],"line":12},"1":{"loc":{"start":{"line":12,"column":55},"end":{"line":12,"column":64}},"type":"default-arg","locations":[{"start":{"line":12,"column":62},"end":{"line":12,"column":64}}],"line":12},"2":{"loc":{"start":{"line":13,"column":2},"end":{"line":18,"column":3}},"type":"switch","locations":[{"start":{"line":14,"column":4},"end":{"line":15,"column":68}},{"start":{"line":16,"column":4},"end":{"line":17,"column":18}}],"line":13},"3":{"loc":{"start":{"line":26,"column":30},"end":{"line":26,"column":54}},"type":"default-arg","locations":[{"start":{"line":26,"column":36},"end":{"line":26,"column":54}}],"line":26},"4":{"loc":{"start":{"line":26,"column":56},"end":{"line":26,"column":65}},"type":"default-arg","locations":[{"start":{"line":26,"column":63},"end":{"line":26,"column":65}}],"line":26},"5":{"loc":{"start":{"line":27,"column":2},"end":{"line":36,"column":3}},"type":"switch","locations":[{"start":{"line":28,"column":4},"end":{"line":29,"column":56}},{"start":{"line":30,"column":4},"end":{"line":31,"column":81}},{"start":{"line":32,"column":4},"end":{"line":33,"column":80}},{"start":{"line":34,"column":4},"end":{"line":35,"column":18}}],"line":27}},"s":{"0":1,"1":1,"2":2,"3":1,"4":1,"5":1,"6":1,"7":4,"8":1,"9":1,"10":1,"11":1},"f":{"0":2,"1":4},"b":{"0":[1],"1":[0],"2":[1,1],"3":[1],"4":[0],"5":[1,1,1,1]},"_coverageSchema":"1a1c01bbd47fc00a2c39e90264f33305004495a9","hash":"8edac0d8fc9d006b87e2d9520650a4f5f18c9653"}
}
