TN:
SF:src/actions.js
FN:9,(anonymous_0)
FN:11,(anonymous_1)
FN:14,(anonymous_2)
FN:15,(anonymous_3)
FNF:4
FNH:1
FNDA:1,(anonymous_0)
FNDA:0,(anonymous_1)
FNDA:0,(anonymous_2)
FNDA:0,(anonymous_3)
DA:9,1
DA:11,1
DA:12,0
DA:13,0
DA:14,0
DA:15,0
LF:6
LH:2
BRF:0
BRH:0
end_of_record
TN:
SF:src/constants.js
FNF:0
FNH:0
DA:1,2
DA:3,2
DA:4,2
DA:5,2
LF:4
LH:4
BRF:0
BRH:0
end_of_record
TN:
SF:src/reducers.js
FN:12,(anonymous_0)
FN:26,(anonymous_1)
FNF:2
FNH:2
FNDA:2,(anonymous_0)
FNDA:4,(anonymous_1)
DA:8,1
DA:12,1
DA:13,2
DA:15,1
DA:17,1
DA:21,1
DA:26,1
DA:27,4
DA:29,1
DA:31,1
DA:33,1
DA:35,1
LF:12
LH:12
BRDA:12,0,0,1
BRDA:12,1,0,0
BRDA:13,2,0,1
BRDA:13,2,1,1
BRDA:26,3,0,1
BRDA:26,4,0,0
BRDA:27,5,0,1
BRDA:27,5,1,1
BRDA:27,5,2,1
BRDA:27,5,3,1
BRF:10
BRH:8
end_of_record
